17:23:03 **** Rebuild of configuration Debug for project Filter_CGen ****
Info: Configuration "Debug" uses tool-chain "MinGW GCC" that is unsupported on this system, attempting to build anyway.
Info: Internal Builder is used for build
gcc -I../include -I../src -O0 -g3 -Wall -c -fmessage-length=0 -Wno-unused -ansi -o src\components_FilterByTest_Automatic.o ..\src\components_FilterByTest_Automatic.c 
gcc -I../include -I../src -O0 -g3 -Wall -c -fmessage-length=0 -Wno-unused -ansi -o src\FilterByTest_PC_Automatic.o ..\src\FilterByTest_PC_Automatic.c 
gcc -I../include -I../src -O0 -g3 -Wall -c -fmessage-length=0 -Wno-unused -ansi -o src\components_FilterBy_Automatic.o ..\src\components_FilterBy_Automatic.c 
gcc -I../include -I../src -O0 -g3 -Wall -c -fmessage-length=0 -Wno-unused -ansi -o src\SystemLib_Delay_DelayValue_Impl.o ..\src\SystemLib_Delay_DelayValue_Impl.c 
In file included from ../include/esdl.h:20,
In file included from ../include/esdl.h:20,
In file included from ../include/esdl.h:20,
                 from ..\src\globalH.h:9,
                 from ..\src\SystemLib_Delay_DelayValue_Impl.c:17:
In file included from ../include/esdl.h:20,
In file included from ../include/esdl.h:20,
In file included from ../include/esdl.h:20,
In file included from ../include/esdl.h:20,
                 from ..\src\globalH.h:9,
../include/esdl_mutex.h:56:3: error: #error Potentially unsafe message caching. Race conditions may occur in multi-threaded environments. See esdl_mutex.h for options
                 from ..\src\globalH.h:9,
  #error Potentially unsafe message caching. Race conditions may occur in multi-threaded environments. See esdl_mutex.h for options
                 from ..\src\components_FilterBy_Automatic.c:17:
../include/esdl_mutex.h:56:3: error: #error Potentially unsafe message caching. Race conditions may occur in multi-threaded environments. See esdl_mutex.h for options
  #error Potentially unsafe message caching. Race conditions may occur in multi-threaded environments. See esdl_mutex.h for options
   ^~~~~
                 from ..\src\globalH.h:9,
   ^~~~~
                 from ..\src\FilterByTest_PC_Automatic.c:17:
../include/esdl_mutex.h:56:3: error: #error Potentially unsafe message caching. Race conditions may occur in multi-threaded environments. See esdl_mutex.h for options
  #error Potentially unsafe message caching. Race conditions may occur in multi-threaded environments. See esdl_mutex.h for options
   ^~~~~
                 from ..\src\components_FilterByTest_Automatic.c:17:
../include/esdl_mutex.h:56:3: error: #error Potentially unsafe message caching. Race conditions may occur in multi-threaded environments. See esdl_mutex.h for options
  #error Potentially unsafe message caching. Race conditions may occur in multi-threaded environments. See esdl_mutex.h for options
   ^~~~~
Info: Parallel threads used: 4

17:23:03 Build Failed. 4 errors, 0 warnings. (took 427ms)

